<?xml version="1.0" encoding="UTF-8"?>
<testsuite name="com.walter.datamaskingdemo.DataMaskingDemoApplicationTests" tests="1" skipped="0" failures="0" errors="0" timestamp="2026-04-15T13:54:11.953Z" hostname="MOMONDI-POSDEV" time="5.862">
  <properties/>
  <testcase name="contextLoads()" classname="com.walter.datamaskingdemo.DataMaskingDemoApplicationTests" time="0.887"/>
  <system-out><![CDATA[16:54:12.243 [Test worker] INFO org.springframework.test.context.support.AnnotationConfigContextLoaderUtils -- Could not detect default configuration classes for test class [com.walter.datamaskingdemo.DataMaskingDemoApplicationTests]: DataMaskingDemoApplicationTests does not declare any static, non-private, non-final, nested classes annotated with @Configuration.
16:54:12.414 [Test worker] INFO org.springframework.boot.test.context.SpringBootTestContextBootstrapper -- Found @SpringBootConfiguration com.walter.datamaskingdemo.DataMaskingDemoApplication for test class com.walter.datamaskingdemo.DataMaskingDemoApplicationTests
16:54:12.556 [Test worker] INFO org.springframework.test.context.support.AnnotationConfigContextLoaderUtils -- Could not detect default configuration classes for test class [com.walter.datamaskingdemo.DataMaskingDemoApplicationTests]: DataMaskingDemoApplicationTests does not declare any static, non-private, non-final, nested classes annotated with @Configuration.
16:54:12.557 [Test worker] INFO org.springframework.boot.test.context.SpringBootTestContextBootstrapper -- Found @SpringBootConfiguration com.walter.datamaskingdemo.DataMaskingDemoApplication for test class com.walter.datamaskingdemo.DataMaskingDemoApplicationTests

  .   ____          _            __ _ _
 /\\ / ___'_ __ _ _(_)_ __  __ _ \ \ \ \
( ( )\___ | '_ | '_| | '_ \/ _` | \ \ \ \
 \\/  ___)| |_)| | | | | || (_| |  ) ) ) )
  '  |____| .__|_| |_|_| |_\__, | / / / /
 =========|_|==============|___/=/_/_/_/

 :: Spring Boot ::                (v4.0.5)

2026-04-15T16:54:13.262+03:00  INFO 27120 --- [data-masking-demo] [    Test worker] c.w.d.DataMaskingDemoApplicationTests    : Starting DataMaskingDemoApplicationTests using Java 17.0.18 with PID 27120 (started by Tracom in C:\Users\Tracom\IdeaProjects\examples-master\lite\codelabs\digit_classifier\android\data-masking-demo)
2026-04-15T16:54:13.266+03:00  INFO 27120 --- [data-masking-demo] [    Test worker] c.w.d.DataMaskingDemoApplicationTests    : The following 1 profile is active: "test"
2026-04-15T16:54:15.889+03:00  WARN 27120 --- [data-masking-demo] [    Test worker] .s.a.UserDetailsServiceAutoConfiguration : 

Using generated security password: a31a3c10-fbc9-4144-8570-62d212f28139

This generated password is for development use only. Your security configuration must be updated before running your application in production.

2026-04-15T16:54:15.904+03:00  INFO 27120 --- [data-masking-demo] [    Test worker] r$InitializeUserDetailsManagerConfigurer : Global AuthenticationManager configured with UserDetailsService bean with name inMemoryUserDetailsManager
2026-04-15T16:54:16.904+03:00  INFO 27120 --- [data-masking-demo] [    Test worker] c.w.d.DataMaskingDemoApplicationTests    : Started DataMaskingDemoApplicationTests in 4.25 seconds (process running for 6.473)
2026-04-15T16:54:16.908+03:00  WARN 27120 --- [data-masking-demo] [    Test worker] o.s.core.events.SpringDocAppInitializer  : SpringDoc /v3/api-docs endpoint is enabled by default. To disable it in production, set the property 'springdoc.api-docs.enabled=false'
2026-04-15T16:54:16.909+03:00  WARN 27120 --- [data-masking-demo] [    Test worker] o.s.core.events.SpringDocAppInitializer  : SpringDoc /swagger-ui.html endpoint is enabled by default. To disable it in production, set the property 'springdoc.swagger-ui.enabled=false'
]]></system-out>
  <system-err><![CDATA[]]></system-err>
</testsuite>
