<?xml version="1.0" encoding="UTF-8"?>
<testsuite name="com.walter.datamaskingdemo.RoleBasedMaskingTest" tests="7" skipped="0" failures="0" errors="0" timestamp="2026-04-15T13:54:17.821Z" hostname="MOMONDI-POSDEV" time="0.02">
  <properties/>
  <testcase name="testMaskingWithoutAuthentication()" classname="com.walter.datamaskingdemo.RoleBasedMaskingTest" time="0.009"/>
  <testcase name="testMaskingWithAdminRole()" classname="com.walter.datamaskingdemo.RoleBasedMaskingTest" time="0.005"/>
  <testcase name="testMaskingWithManagerRole()" classname="com.walter.datamaskingdemo.RoleBasedMaskingTest" time="0.001"/>
  <testcase name="testMaskingAsRecordOwner()" classname="com.walter.datamaskingdemo.RoleBasedMaskingTest" time="0.0"/>
  <testcase name="testMaskingWithHRRole()" classname="com.walter.datamaskingdemo.RoleBasedMaskingTest" time="0.001"/>
  <testcase name="testMaskingWithIdMatchingUsername()" classname="com.walter.datamaskingdemo.RoleBasedMaskingTest" time="0.0"/>
  <testcase name="testMaskingAsNonOwnerWithUserRole()" classname="com.walter.datamaskingdemo.RoleBasedMaskingTest" time="0.002"/>
  <system-out><![CDATA[]]></system-out>
  <system-err><![CDATA[]]></system-err>
</testsuite>
